<?xml version="1.0" encoding="UTF-8"?>
<coverage generated="1708510844957" clover="3.2.0">
  <project timestamp="1708510844957" name="All files">
    <metrics statements="26" coveredstatements="26" conditionals="3" coveredconditionals="2" methods="10" coveredmethods="10" elements="39" coveredelements="38" complexity="0" loc="26" ncloc="26" packages="1" files="3" classes="3"/>
    <file name="Rocket.js" path="/home/mate/www/riset_backend/rocket/Rocket.js">
      <metrics statements="3" coveredstatements="3" conditionals="0" coveredconditionals="0" methods="1" coveredmethods="1"/>
      <line num="3" count="8" type="stmt"/>
      <line num="4" count="8" type="stmt"/>
      <line num="8" count="1" type="stmt"/>
    </file>
    <file name="RocketRepairKit.js" path="/home/mate/www/riset_backend/rocket/RocketRepairKit.js">
      <metrics statements="7" coveredstatements="7" conditionals="0" coveredconditionals="0" methods="4" coveredmethods="4"/>
      <line num="9" count="1" type="stmt"/>
      <line num="10" count="1" type="stmt"/>
      <line num="11" count="1" type="stmt"/>
      <line num="19" count="2" type="stmt"/>
      <line num="20" count="2" type="stmt"/>
      <line num="21" count="2" type="stmt"/>
      <line num="27" count="1" type="stmt"/>
    </file>
    <file name="Rocketlauncher.js" path="/home/mate/www/riset_backend/rocket/Rocketlauncher.js">
      <metrics statements="16" coveredstatements="16" conditionals="3" coveredconditionals="2" methods="5" coveredmethods="5"/>
      <line num="3" count="5" type="stmt"/>
      <line num="4" count="5" type="stmt"/>
      <line num="8" count="1" type="stmt"/>
      <line num="9" count="2" type="stmt"/>
      <line num="11" count="1" type="stmt"/>
      <line num="15" count="1" type="stmt"/>
      <line num="16" count="1" type="stmt"/>
      <line num="20" count="3" type="stmt"/>
      <line num="22" count="3" type="stmt"/>
      <line num="23" count="5" type="stmt"/>
      <line num="24" count="5" type="stmt"/>
      <line num="26" count="2" type="stmt"/>
      <line num="30" count="3" type="cond" truecount="2" falsecount="0"/>
      <line num="31" count="1" type="stmt"/>
      <line num="34" count="2" type="stmt"/>
      <line num="40" count="1" type="stmt"/>
    </file>
  </project>
</coverage>
