TN:
SF:Rocket.js
FN:2,(anonymous_0)
FNF:1
FNH:1
FNDA:8,(anonymous_0)
DA:3,8
DA:4,8
DA:8,1
LF:3
LH:3
BRF:0
BRH:0
end_of_record
TN:
SF:RocketRepairKit.js
FN:8,(anonymous_0)
FN:14,(anonymous_1)
FN:19,(anonymous_2)
FN:20,(anonymous_3)
FNF:4
FNH:4
FNDA:1,(anonymous_0)
FNDA:2,(anonymous_1)
FNDA:2,(anonymous_2)
FNDA:2,(anonymous_3)
DA:9,1
DA:10,1
DA:11,1
DA:19,2
DA:20,2
DA:21,2
DA:27,1
LF:7
LH:7
BRF:0
BRH:0
end_of_record
TN:
SF:Rocketlauncher.js
FN:2,(anonymous_0)
FN:7,(anonymous_1)
FN:8,(anonymous_2)
FN:14,(anonymous_3)
FN:19,(anonymous_4)
FNF:5
FNH:5
FNDA:5,(anonymous_0)
FNDA:1,(anonymous_1)
FNDA:2,(anonymous_2)
FNDA:1,(anonymous_3)
FNDA:3,(anonymous_4)
DA:3,5
DA:4,5
DA:8,1
DA:9,2
DA:11,1
DA:15,1
DA:16,1
DA:20,3
DA:22,3
DA:23,5
DA:24,5
DA:26,2
DA:30,3
DA:31,1
DA:34,2
DA:40,1
LF:16
LH:16
BRDA:2,0,0,0
BRDA:30,1,0,1
BRDA:30,1,1,2
BRF:3
BRH:2
end_of_record
