<?xml version="1.0" encoding="UTF-8"?>
<coverage generated="1708535523548" clover="3.2.0">
  <project timestamp="1708535523548" name="All files">
    <metrics statements="40" coveredstatements="36" conditionals="18" coveredconditionals="18" methods="13" coveredmethods="8" elements="71" coveredelements="62" complexity="0" loc="40" ncloc="40" packages="1" files="3" classes="3"/>
    <file name="FigureCalculator.js" path="/home/mate/www/riset_backend/math-api/src/FigureCalculator.js">
      <metrics statements="8" coveredstatements="8" conditionals="6" coveredconditionals="6" methods="5" coveredmethods="2"/>
      <line num="3" count="4" type="stmt"/>
      <line num="7" count="7" type="cond" truecount="2" falsecount="0"/>
      <line num="8" count="3" type="stmt"/>
      <line num="11" count="4" type="stmt"/>
      <line num="13" count="4" type="cond" truecount="4" falsecount="0"/>
      <line num="14" count="3" type="stmt"/>
      <line num="17" count="1" type="stmt"/>
      <line num="35" count="1" type="stmt"/>
    </file>
    <file name="MathBasic.js" path="/home/mate/www/riset_backend/math-api/src/MathBasic.js">
      <metrics statements="18" coveredstatements="16" conditionals="12" coveredconditionals="12" methods="4" coveredmethods="3"/>
      <line num="1" count="3" type="stmt"/>
      <line num="3" count="12" type="cond" truecount="2" falsecount="0"/>
      <line num="4" count="4" type="stmt"/>
      <line num="7" count="8" type="stmt"/>
      <line num="9" count="8" type="cond" truecount="4" falsecount="0"/>
      <line num="10" count="3" type="stmt"/>
      <line num="13" count="5" type="stmt"/>
      <line num="17" count="11" type="cond" truecount="2" falsecount="0"/>
      <line num="18" count="4" type="stmt"/>
      <line num="21" count="7" type="stmt"/>
      <line num="23" count="7" type="cond" truecount="4" falsecount="0"/>
      <line num="24" count="3" type="stmt"/>
      <line num="27" count="4" type="stmt"/>
      <line num="31" count="1" type="stmt"/>
      <line num="33" count="1" type="stmt"/>
      <line num="37" count="0" type="stmt"/>
      <line num="38" count="0" type="stmt"/>
      <line num="42" count="3" type="stmt"/>
    </file>
    <file name="createServer.js" path="/home/mate/www/riset_backend/math-api/src/createServer.js">
      <metrics statements="14" coveredstatements="12" conditionals="0" coveredconditionals="0" methods="4" coveredmethods="3"/>
      <line num="1" count="1" type="stmt"/>
      <line num="3" count="1" type="stmt"/>
      <line num="4" count="2" type="stmt"/>
      <line num="9" count="2" type="stmt"/>
      <line num="14" count="0" type="stmt"/>
      <line num="15" count="0" type="stmt"/>
      <line num="24" count="1" type="stmt"/>
      <line num="25" count="1" type="stmt"/>
      <line num="26" count="1" type="stmt"/>
      <line num="33" count="1" type="stmt"/>
      <line num="34" count="1" type="stmt"/>
      <line num="35" count="1" type="stmt"/>
      <line num="42" count="2" type="stmt"/>
      <line num="45" count="1" type="stmt"/>
    </file>
  </project>
</coverage>
