{"/home/mate/www/riset_backend/math-api/src/FigureCalculator.js": {"path":"/home/mate/www/riset_backend/math-api/src/FigureCalculator.js","statementMap":{"0":{"start":{"line":3,"column":8},"end":{"line":3,"column":36}},"1":{"start":{"line":7,"column":8},"end":{"line":9,"column":9}},"2":{"start":{"line":8,"column":12},"end":{"line":8,"column":67}},"3":{"start":{"line":11,"column":32},"end":{"line":11,"column":36}},"4":{"start":{"line":13,"column":8},"end":{"line":15,"column":9}},"5":{"start":{"line":14,"column":12},"end":{"line":14,"column":70}},"6":{"start":{"line":17,"column":8},"end":{"line":17,"column":79}},"7":{"start":{"line":35,"column":0},"end":{"line":35,"column":34}}},"fnMap":{"0":{"name":"(anonymous_0)","decl":{"start":{"line":2,"column":4},"end":{"line":2,"column":5}},"loc":{"start":{"line":2,"column":26},"end":{"line":4,"column":5}},"line":2},"1":{"name":"(anonymous_1)","decl":{"start":{"line":6,"column":4},"end":{"line":6,"column":5}},"loc":{"start":{"line":6,"column":40},"end":{"line":18,"column":5}},"line":6},"2":{"name":"(anonymous_2)","decl":{"start":{"line":22,"column":4},"end":{"line":22,"column":5}},"loc":{"start":{"line":22,"column":28},"end":{"line":24,"column":5}},"line":22},"3":{"name":"(anonymous_3)","decl":{"start":{"line":26,"column":4},"end":{"line":26,"column":5}},"loc":{"start":{"line":26,"column":32},"end":{"line":28,"column":5}},"line":26},"4":{"name":"(anonymous_4)","decl":{"start":{"line":30,"column":4},"end":{"line":30,"column":5}},"loc":{"start":{"line":30,"column":27},"end":{"line":32,"column":9}},"line":30}},"branchMap":{"0":{"loc":{"start":{"line":7,"column":8},"end":{"line":9,"column":9}},"type":"if","locations":[{"start":{"line":7,"column":8},"end":{"line":9,"column":9}},{"start":{},"end":{}}],"line":7},"1":{"loc":{"start":{"line":13,"column":8},"end":{"line":15,"column":9}},"type":"if","locations":[{"start":{"line":13,"column":8},"end":{"line":15,"column":9}},{"start":{},"end":{}}],"line":13},"2":{"loc":{"start":{"line":13,"column":11},"end":{"line":13,"column":66}},"type":"binary-expr","locations":[{"start":{"line":13,"column":11},"end":{"line":13,"column":37}},{"start":{"line":13,"column":41},"end":{"line":13,"column":66}}],"line":13}},"s":{"0":4,"1":7,"2":3,"3":4,"4":4,"5":3,"6":1,"7":1},"f":{"0":4,"1":7,"2":0,"3":0,"4":0},"b":{"0":[3,4],"1":[3,1],"2":[4,1]},"_coverageSchema":"1a1c01bbd47fc00a2c39e90264f33305004495a9","hash":"58cb9e98fc2622e538566e35bfebc77937370328"}
,"/home/mate/www/riset_backend/math-api/src/MathBasic.js": {"path":"/home/mate/www/riset_backend/math-api/src/MathBasic.js","statementMap":{"0":{"start":{"line":1,"column":18},"end":{"line":40,"column":3}},"1":{"start":{"line":3,"column":8},"end":{"line":5,"column":9}},"2":{"start":{"line":4,"column":10},"end":{"line":4,"column":69}},"3":{"start":{"line":7,"column":23},"end":{"line":7,"column":27}},"4":{"start":{"line":9,"column":8},"end":{"line":11,"column":9}},"5":{"start":{"line":10,"column":12},"end":{"line":10,"column":70}},"6":{"start":{"line":13,"column":8},"end":{"line":13,"column":21}},"7":{"start":{"line":17,"column":8},"end":{"line":19,"column":9}},"8":{"start":{"line":18,"column":12},"end":{"line":18,"column":75}},"9":{"start":{"line":21,"column":22},"end":{"line":21,"column":26}},"10":{"start":{"line":23,"column":8},"end":{"line":25,"column":9}},"11":{"start":{"line":24,"column":12},"end":{"line":24,"column":69}},"12":{"start":{"line":27,"column":8},"end":{"line":27,"column":21}},"13":{"start":{"line":31,"column":22},"end":{"line":31,"column":26}},"14":{"start":{"line":33,"column":8},"end":{"line":33,"column":19}},"15":{"start":{"line":37,"column":22},"end":{"line":37,"column":26}},"16":{"start":{"line":38,"column":8},"end":{"line":38,"column":19}},"17":{"start":{"line":42,"column":2},"end":{"line":42,"column":29}}},"fnMap":{"0":{"name":"(anonymous_0)","decl":{"start":{"line":2,"column":9},"end":{"line":2,"column":10}},"loc":{"start":{"line":2,"column":22},"end":{"line":14,"column":7}},"line":2},"1":{"name":"(anonymous_1)","decl":{"start":{"line":16,"column":14},"end":{"line":16,"column":15}},"loc":{"start":{"line":16,"column":27},"end":{"line":29,"column":5}},"line":16},"2":{"name":"(anonymous_2)","decl":{"start":{"line":30,"column":14},"end":{"line":30,"column":15}},"loc":{"start":{"line":30,"column":27},"end":{"line":34,"column":5}},"line":30},"3":{"name":"(anonymous_3)","decl":{"start":{"line":36,"column":12},"end":{"line":36,"column":13}},"loc":{"start":{"line":36,"column":25},"end":{"line":39,"column":5}},"line":36}},"branchMap":{"0":{"loc":{"start":{"line":3,"column":8},"end":{"line":5,"column":9}},"type":"if","locations":[{"start":{"line":3,"column":8},"end":{"line":5,"column":9}},{"start":{},"end":{}}],"line":3},"1":{"loc":{"start":{"line":9,"column":8},"end":{"line":11,"column":9}},"type":"if","locations":[{"start":{"line":9,"column":8},"end":{"line":11,"column":9}},{"start":{},"end":{}}],"line":9},"2":{"loc":{"start":{"line":9,"column":12},"end":{"line":9,"column":58}},"type":"binary-expr","locations":[{"start":{"line":9,"column":12},"end":{"line":9,"column":33}},{"start":{"line":9,"column":37},"end":{"line":9,"column":58}}],"line":9},"3":{"loc":{"start":{"line":17,"column":8},"end":{"line":19,"column":9}},"type":"if","locations":[{"start":{"line":17,"column":8},"end":{"line":19,"column":9}},{"start":{},"end":{}}],"line":17},"4":{"loc":{"start":{"line":23,"column":8},"end":{"line":25,"column":9}},"type":"if","locations":[{"start":{"line":23,"column":8},"end":{"line":25,"column":9}},{"start":{},"end":{}}],"line":23},"5":{"loc":{"start":{"line":23,"column":11},"end":{"line":23,"column":57}},"type":"binary-expr","locations":[{"start":{"line":23,"column":11},"end":{"line":23,"column":32}},{"start":{"line":23,"column":36},"end":{"line":23,"column":57}}],"line":23}},"s":{"0":3,"1":12,"2":4,"3":8,"4":8,"5":3,"6":5,"7":11,"8":4,"9":7,"10":7,"11":3,"12":4,"13":1,"14":1,"15":0,"16":0,"17":3},"f":{"0":12,"1":11,"2":1,"3":0},"b":{"0":[4,8],"1":[3,5],"2":[8,5],"3":[4,7],"4":[3,4],"5":[7,4]},"_coverageSchema":"1a1c01bbd47fc00a2c39e90264f33305004495a9","hash":"525940da0818bdf09d3eb921b97bb026473ea2ec"}
,"/home/mate/www/riset_backend/math-api/src/createServer.js": {"path":"/home/mate/www/riset_backend/math-api/src/createServer.js","statementMap":{"0":{"start":{"line":1,"column":13},"end":{"line":1,"column":34}},"1":{"start":{"line":3,"column":21},"end":{"line":43,"column":1}},"2":{"start":{"line":4,"column":19},"end":{"line":7,"column":6}},"3":{"start":{"line":9,"column":4},"end":{"line":38,"column":7}},"4":{"start":{"line":14,"column":29},"end":{"line":14,"column":43}},"5":{"start":{"line":15,"column":16},"end":{"line":17,"column":17}},"6":{"start":{"line":24,"column":30},"end":{"line":24,"column":44}},"7":{"start":{"line":25,"column":30},"end":{"line":25,"column":64}},"8":{"start":{"line":26,"column":16},"end":{"line":26,"column":31}},"9":{"start":{"line":33,"column":30},"end":{"line":33,"column":44}},"10":{"start":{"line":34,"column":30},"end":{"line":34,"column":70}},"11":{"start":{"line":35,"column":16},"end":{"line":35,"column":31}},"12":{"start":{"line":42,"column":4},"end":{"line":42,"column":18}},"13":{"start":{"line":45,"column":0},"end":{"line":45,"column":30}}},"fnMap":{"0":{"name":"(anonymous_0)","decl":{"start":{"line":3,"column":21},"end":{"line":3,"column":22}},"loc":{"start":{"line":3,"column":38},"end":{"line":43,"column":1}},"line":3},"1":{"name":"(anonymous_1)","decl":{"start":{"line":13,"column":21},"end":{"line":13,"column":22}},"loc":{"start":{"line":13,"column":34},"end":{"line":18,"column":13}},"line":13},"2":{"name":"(anonymous_2)","decl":{"start":{"line":23,"column":21},"end":{"line":23,"column":22}},"loc":{"start":{"line":23,"column":34},"end":{"line":27,"column":13}},"line":23},"3":{"name":"(anonymous_3)","decl":{"start":{"line":32,"column":21},"end":{"line":32,"column":22}},"loc":{"start":{"line":32,"column":34},"end":{"line":36,"column":13}},"line":32}},"branchMap":{},"s":{"0":1,"1":1,"2":2,"3":2,"4":0,"5":0,"6":1,"7":1,"8":1,"9":1,"10":1,"11":1,"12":2,"13":1},"f":{"0":2,"1":0,"2":1,"3":1},"b":{},"_coverageSchema":"1a1c01bbd47fc00a2c39e90264f33305004495a9","hash":"b78b3c02ca8243286b2cce880daa65d0e11a951e"}
}
