TN:
SF:src/FigureCalculator.js
FN:2,(anonymous_0)
FN:6,(anonymous_1)
FN:22,(anonymous_2)
FN:26,(anonymous_3)
FN:30,(anonymous_4)
FNF:5
FNH:2
FNDA:4,(anonymous_0)
FNDA:7,(anonymous_1)
FNDA:0,(anonymous_2)
FNDA:0,(anonymous_3)
FNDA:0,(anonymous_4)
DA:3,4
DA:7,7
DA:8,3
DA:11,4
DA:13,4
DA:14,3
DA:17,1
DA:35,1
LF:8
LH:8
BRDA:7,0,0,3
BRDA:7,0,1,4
BRDA:13,1,0,3
BRDA:13,1,1,1
BRDA:13,2,0,4
BRDA:13,2,1,1
BRF:6
BRH:6
end_of_record
TN:
SF:src/MathBasic.js
FN:2,(anonymous_0)
FN:16,(anonymous_1)
FN:30,(anonymous_2)
FN:36,(anonymous_3)
FNF:4
FNH:3
FNDA:12,(anonymous_0)
FNDA:11,(anonymous_1)
FNDA:1,(anonymous_2)
FNDA:0,(anonymous_3)
DA:1,3
DA:3,12
DA:4,4
DA:7,8
DA:9,8
DA:10,3
DA:13,5
DA:17,11
DA:18,4
DA:21,7
DA:23,7
DA:24,3
DA:27,4
DA:31,1
DA:33,1
DA:37,0
DA:38,0
DA:42,3
LF:18
LH:16
BRDA:3,0,0,4
BRDA:3,0,1,8
BRDA:9,1,0,3
BRDA:9,1,1,5
BRDA:9,2,0,8
BRDA:9,2,1,5
BRDA:17,3,0,4
BRDA:17,3,1,7
BRDA:23,4,0,3
BRDA:23,4,1,4
BRDA:23,5,0,7
BRDA:23,5,1,4
BRF:12
BRH:12
end_of_record
TN:
SF:src/createServer.js
FN:3,(anonymous_0)
FN:13,(anonymous_1)
FN:23,(anonymous_2)
FN:32,(anonymous_3)
FNF:4
FNH:3
FNDA:2,(anonymous_0)
FNDA:0,(anonymous_1)
FNDA:1,(anonymous_2)
FNDA:1,(anonymous_3)
DA:1,1
DA:3,1
DA:4,2
DA:9,2
DA:14,0
DA:15,0
DA:24,1
DA:25,1
DA:26,1
DA:33,1
DA:34,1
DA:35,1
DA:42,2
DA:45,1
LF:14
LH:12
BRF:0
BRH:0
end_of_record
